Copyright 1986-2017 Xilinx, Inc. All Rights Reserved.
------------------------------------------------------------------------------------
| Tool Version : Vivado v.2017.4 (win64) Build 2086221 Fri Dec 15 20:55:39 MST 2017
| Date         : Tue Nov 28 11:20:33 2023
| Host         : DESKTOP-LFC1P5E running 64-bit major release  (build 9200)
| Command      : upgrade_ip
| Device       : xc7z020clg400-2
------------------------------------------------------------------------------------

Upgrade Log for IP 'design_1_chaotic_puf_8lines_64stages_0_4'

1. Summary
----------

SUCCESS in the upgrade of design_1_chaotic_puf_8lines_64stages_0_4 (xilinx.com:user:chaotic_puf_8lines_64stages:1.0) from (Rev. 2) to (Rev. 3)






Copyright 1986-2017 Xilinx, Inc. All Rights Reserved.
------------------------------------------------------------------------------------
| Tool Version : Vivado v.2017.4 (win64) Build 2086221 Fri Dec 15 20:55:39 MST 2017
| Date         : Tue Nov 28 11:20:33 2023
| Host         : DESKTOP-LFC1P5E running 64-bit major release  (build 9200)
| Command      : upgrade_ip
| Device       : xc7z020clg400-2
------------------------------------------------------------------------------------

Upgrade Log for IP 'design_1_chaotic_puf_8lines_64stages_0_3'

1. Summary
----------

SUCCESS in the upgrade of design_1_chaotic_puf_8lines_64stages_0_3 (xilinx.com:user:chaotic_puf_8lines_64stages:1.0) from (Rev. 2) to (Rev. 3)






Copyright 1986-2017 Xilinx, Inc. All Rights Reserved.
------------------------------------------------------------------------------------
| Tool Version : Vivado v.2017.4 (win64) Build 2086221 Fri Dec 15 20:55:39 MST 2017
| Date         : Tue Nov 28 11:20:33 2023
| Host         : DESKTOP-LFC1P5E running 64-bit major release  (build 9200)
| Command      : upgrade_ip
| Device       : xc7z020clg400-2
------------------------------------------------------------------------------------

Upgrade Log for IP 'design_1_chaotic_puf_8lines_64stages_0_2'

1. Summary
----------

SUCCESS in the upgrade of design_1_chaotic_puf_8lines_64stages_0_2 (xilinx.com:user:chaotic_puf_8lines_64stages:1.0) from (Rev. 2) to (Rev. 3)






Copyright 1986-2017 Xilinx, Inc. All Rights Reserved.
------------------------------------------------------------------------------------
| Tool Version : Vivado v.2017.4 (win64) Build 2086221 Fri Dec 15 20:55:39 MST 2017
| Date         : Tue Nov 28 11:20:33 2023
| Host         : DESKTOP-LFC1P5E running 64-bit major release  (build 9200)
| Command      : upgrade_ip
| Device       : xc7z020clg400-2
------------------------------------------------------------------------------------

Upgrade Log for IP 'design_1_chaotic_puf_8lines_64stages_0_1'

1. Summary
----------

SUCCESS in the upgrade of design_1_chaotic_puf_8lines_64stages_0_1 (xilinx.com:user:chaotic_puf_8lines_64stages:1.0) from (Rev. 2) to (Rev. 3)






Copyright 1986-2017 Xilinx, Inc. All Rights Reserved.
------------------------------------------------------------------------------------
| Tool Version : Vivado v.2017.4 (win64) Build 2086221 Fri Dec 15 20:55:39 MST 2017
| Date         : Tue Nov 28 11:20:33 2023
| Host         : DESKTOP-LFC1P5E running 64-bit major release  (build 9200)
| Command      : upgrade_ip
| Device       : xc7z020clg400-2
------------------------------------------------------------------------------------

Upgrade Log for IP 'design_1_chaotic_puf_4lines_64stages_0_8'

1. Summary
----------

SUCCESS in the upgrade of design_1_chaotic_puf_4lines_64stages_0_8 (amsv.um:user:chaotic_puf_4lines_64stages:1.0) from (Rev. 12) to (Rev. 14)






Copyright 1986-2017 Xilinx, Inc. All Rights Reserved.
------------------------------------------------------------------------------------
| Tool Version : Vivado v.2017.4 (win64) Build 2086221 Fri Dec 15 20:55:39 MST 2017
| Date         : Tue Nov 28 11:20:33 2023
| Host         : DESKTOP-LFC1P5E running 64-bit major release  (build 9200)
| Command      : upgrade_ip
| Device       : xc7z020clg400-2
------------------------------------------------------------------------------------

Upgrade Log for IP 'design_1_chaotic_puf_4lines_64stages_0_7'

1. Summary
----------

SUCCESS in the upgrade of design_1_chaotic_puf_4lines_64stages_0_7 (amsv.um:user:chaotic_puf_4lines_64stages:1.0) from (Rev. 12) to (Rev. 14)






Copyright 1986-2017 Xilinx, Inc. All Rights Reserved.
------------------------------------------------------------------------------------
| Tool Version : Vivado v.2017.4 (win64) Build 2086221 Fri Dec 15 20:55:39 MST 2017
| Date         : Tue Nov 28 11:20:33 2023
| Host         : DESKTOP-LFC1P5E running 64-bit major release  (build 9200)
| Command      : upgrade_ip
| Device       : xc7z020clg400-2
------------------------------------------------------------------------------------

Upgrade Log for IP 'design_1_chaotic_puf_4lines_64stages_0_6'

1. Summary
----------

SUCCESS in the upgrade of design_1_chaotic_puf_4lines_64stages_0_6 (amsv.um:user:chaotic_puf_4lines_64stages:1.0) from (Rev. 12) to (Rev. 14)






Copyright 1986-2017 Xilinx, Inc. All Rights Reserved.
------------------------------------------------------------------------------------
| Tool Version : Vivado v.2017.4 (win64) Build 2086221 Fri Dec 15 20:55:39 MST 2017
| Date         : Tue Nov 28 11:20:33 2023
| Host         : DESKTOP-LFC1P5E running 64-bit major release  (build 9200)
| Command      : upgrade_ip
| Device       : xc7z020clg400-2
------------------------------------------------------------------------------------

Upgrade Log for IP 'design_1_chaotic_puf_4lines_64stages_0_5'

1. Summary
----------

SUCCESS in the upgrade of design_1_chaotic_puf_4lines_64stages_0_5 (amsv.um:user:chaotic_puf_4lines_64stages:1.0) from (Rev. 12) to (Rev. 14)






Copyright 1986-2017 Xilinx, Inc. All Rights Reserved.
------------------------------------------------------------------------------------
| Tool Version : Vivado v.2017.4 (win64) Build 2086221 Fri Dec 15 20:55:39 MST 2017
| Date         : Mon Oct 30 12:41:35 2023
| Host         : DESKTOP-LFC1P5E running 64-bit major release  (build 9200)
| Command      : upgrade_ip
| Device       : xc7z020clg400-2
------------------------------------------------------------------------------------

Upgrade Log for IP 'design_1_chaotic_puf_4lines_64stages_0_9'

1. Summary
----------

SUCCESS in the upgrade of design_1_chaotic_puf_4lines_64stages_0_9 (amsv.um:user:chaotic_puf_4lines_64stages:1.0) from (Rev. 11) to (Rev. 12)






Copyright 1986-2017 Xilinx, Inc. All Rights Reserved.
------------------------------------------------------------------------------------
| Tool Version : Vivado v.2017.4 (win64) Build 2086221 Fri Dec 15 20:55:39 MST 2017
| Date         : Mon Oct 30 12:41:35 2023
| Host         : DESKTOP-LFC1P5E running 64-bit major release  (build 9200)
| Command      : upgrade_ip
| Device       : xc7z020clg400-2
------------------------------------------------------------------------------------

Upgrade Log for IP 'design_1_chaotic_puf_4lines_64stages_0_8'

1. Summary
----------

SUCCESS in the upgrade of design_1_chaotic_puf_4lines_64stages_0_8 (amsv.um:user:chaotic_puf_4lines_64stages:1.0) from (Rev. 11) to (Rev. 12)






Copyright 1986-2017 Xilinx, Inc. All Rights Reserved.
------------------------------------------------------------------------------------
| Tool Version : Vivado v.2017.4 (win64) Build 2086221 Fri Dec 15 20:55:39 MST 2017
| Date         : Mon Oct 30 12:41:35 2023
| Host         : DESKTOP-LFC1P5E running 64-bit major release  (build 9200)
| Command      : upgrade_ip
| Device       : xc7z020clg400-2
------------------------------------------------------------------------------------

Upgrade Log for IP 'design_1_chaotic_puf_4lines_64stages_0_7'

1. Summary
----------

SUCCESS in the upgrade of design_1_chaotic_puf_4lines_64stages_0_7 (amsv.um:user:chaotic_puf_4lines_64stages:1.0) from (Rev. 11) to (Rev. 12)






Copyright 1986-2017 Xilinx, Inc. All Rights Reserved.
------------------------------------------------------------------------------------
| Tool Version : Vivado v.2017.4 (win64) Build 2086221 Fri Dec 15 20:55:39 MST 2017
| Date         : Mon Oct 30 12:41:35 2023
| Host         : DESKTOP-LFC1P5E running 64-bit major release  (build 9200)
| Command      : upgrade_ip
| Device       : xc7z020clg400-2
------------------------------------------------------------------------------------

Upgrade Log for IP 'design_1_chaotic_puf_4lines_64stages_0_6'

1. Summary
----------

SUCCESS in the upgrade of design_1_chaotic_puf_4lines_64stages_0_6 (amsv.um:user:chaotic_puf_4lines_64stages:1.0) from (Rev. 11) to (Rev. 12)






Copyright 1986-2017 Xilinx, Inc. All Rights Reserved.
------------------------------------------------------------------------------------
| Tool Version : Vivado v.2017.4 (win64) Build 2086221 Fri Dec 15 20:55:39 MST 2017
| Date         : Mon Oct 30 12:41:35 2023
| Host         : DESKTOP-LFC1P5E running 64-bit major release  (build 9200)
| Command      : upgrade_ip
| Device       : xc7z020clg400-2
------------------------------------------------------------------------------------

Upgrade Log for IP 'design_1_chaotic_puf_4lines_64stages_0_5'

1. Summary
----------

SUCCESS in the upgrade of design_1_chaotic_puf_4lines_64stages_0_5 (amsv.um:user:chaotic_puf_4lines_64stages:1.0) from (Rev. 11) to (Rev. 12)






Copyright 1986-2017 Xilinx, Inc. All Rights Reserved.
------------------------------------------------------------------------------------
| Tool Version : Vivado v.2017.4 (win64) Build 2086221 Fri Dec 15 20:55:39 MST 2017
| Date         : Mon Oct 30 12:41:35 2023
| Host         : DESKTOP-LFC1P5E running 64-bit major release  (build 9200)
| Command      : upgrade_ip
| Device       : xc7z020clg400-2
------------------------------------------------------------------------------------

Upgrade Log for IP 'design_1_chaotic_puf_4lines_64stages_0_10'

1. Summary
----------

SUCCESS in the upgrade of design_1_chaotic_puf_4lines_64stages_0_10 (amsv.um:user:chaotic_puf_4lines_64stages:1.0) from (Rev. 11) to (Rev. 12)






Copyright 1986-2017 Xilinx, Inc. All Rights Reserved.
------------------------------------------------------------------------------------
| Tool Version : Vivado v.2017.4 (win64) Build 2086221 Fri Dec 15 20:55:39 MST 2017
| Date         : Mon Oct 30 02:18:33 2023
| Host         : DESKTOP-LFC1P5E running 64-bit major release  (build 9200)
| Command      : upgrade_ip
| Device       : xc7z020clg400-2
------------------------------------------------------------------------------------

Upgrade Log for IP 'design_1_chaotic_puf_4lines_64stages_0_9'

1. Summary
----------

SUCCESS in the upgrade of design_1_chaotic_puf_4lines_64stages_0_9 (amsv.um:user:chaotic_puf_4lines_64stages:1.0) from (Rev. 10) to (Rev. 11)






Copyright 1986-2017 Xilinx, Inc. All Rights Reserved.
------------------------------------------------------------------------------------
| Tool Version : Vivado v.2017.4 (win64) Build 2086221 Fri Dec 15 20:55:39 MST 2017
| Date         : Mon Oct 30 02:18:33 2023
| Host         : DESKTOP-LFC1P5E running 64-bit major release  (build 9200)
| Command      : upgrade_ip
| Device       : xc7z020clg400-2
------------------------------------------------------------------------------------

Upgrade Log for IP 'design_1_chaotic_puf_4lines_64stages_0_8'

1. Summary
----------

SUCCESS in the upgrade of design_1_chaotic_puf_4lines_64stages_0_8 (amsv.um:user:chaotic_puf_4lines_64stages:1.0) from (Rev. 10) to (Rev. 11)






Copyright 1986-2017 Xilinx, Inc. All Rights Reserved.
------------------------------------------------------------------------------------
| Tool Version : Vivado v.2017.4 (win64) Build 2086221 Fri Dec 15 20:55:39 MST 2017
| Date         : Mon Oct 30 02:18:33 2023
| Host         : DESKTOP-LFC1P5E running 64-bit major release  (build 9200)
| Command      : upgrade_ip
| Device       : xc7z020clg400-2
------------------------------------------------------------------------------------

Upgrade Log for IP 'design_1_chaotic_puf_4lines_64stages_0_7'

1. Summary
----------

SUCCESS in the upgrade of design_1_chaotic_puf_4lines_64stages_0_7 (amsv.um:user:chaotic_puf_4lines_64stages:1.0) from (Rev. 10) to (Rev. 11)






Copyright 1986-2017 Xilinx, Inc. All Rights Reserved.
------------------------------------------------------------------------------------
| Tool Version : Vivado v.2017.4 (win64) Build 2086221 Fri Dec 15 20:55:39 MST 2017
| Date         : Mon Oct 30 02:18:33 2023
| Host         : DESKTOP-LFC1P5E running 64-bit major release  (build 9200)
| Command      : upgrade_ip
| Device       : xc7z020clg400-2
------------------------------------------------------------------------------------

Upgrade Log for IP 'design_1_chaotic_puf_4lines_64stages_0_6'

1. Summary
----------

SUCCESS in the upgrade of design_1_chaotic_puf_4lines_64stages_0_6 (amsv.um:user:chaotic_puf_4lines_64stages:1.0) from (Rev. 10) to (Rev. 11)






Copyright 1986-2017 Xilinx, Inc. All Rights Reserved.
------------------------------------------------------------------------------------
| Tool Version : Vivado v.2017.4 (win64) Build 2086221 Fri Dec 15 20:55:39 MST 2017
| Date         : Mon Oct 30 02:18:33 2023
| Host         : DESKTOP-LFC1P5E running 64-bit major release  (build 9200)
| Command      : upgrade_ip
| Device       : xc7z020clg400-2
------------------------------------------------------------------------------------

Upgrade Log for IP 'design_1_chaotic_puf_4lines_64stages_0_5'

1. Summary
----------

SUCCESS in the upgrade of design_1_chaotic_puf_4lines_64stages_0_5 (amsv.um:user:chaotic_puf_4lines_64stages:1.0) from (Rev. 10) to (Rev. 11)






Copyright 1986-2017 Xilinx, Inc. All Rights Reserved.
------------------------------------------------------------------------------------
| Tool Version : Vivado v.2017.4 (win64) Build 2086221 Fri Dec 15 20:55:39 MST 2017
| Date         : Mon Oct 30 02:18:33 2023
| Host         : DESKTOP-LFC1P5E running 64-bit major release  (build 9200)
| Command      : upgrade_ip
| Device       : xc7z020clg400-2
------------------------------------------------------------------------------------

Upgrade Log for IP 'design_1_chaotic_puf_4lines_64stages_0_10'

1. Summary
----------

SUCCESS in the upgrade of design_1_chaotic_puf_4lines_64stages_0_10 (amsv.um:user:chaotic_puf_4lines_64stages:1.0) from (Rev. 10) to (Rev. 11)






Copyright 1986-2017 Xilinx, Inc. All Rights Reserved.
------------------------------------------------------------------------------------
| Tool Version : Vivado v.2017.4 (win64) Build 2086221 Fri Dec 15 20:55:39 MST 2017
| Date         : Thu Oct 26 17:55:01 2023
| Host         : DESKTOP-LFC1P5E running 64-bit major release  (build 9200)
| Command      : upgrade_ip
| Device       : xc7z020clg400-2
------------------------------------------------------------------------------------

Upgrade Log for IP 'design_1_chaotic_puf_4lines_64stages_0_9'

1. Summary
----------

SUCCESS in the upgrade of design_1_chaotic_puf_4lines_64stages_0_9 (amsv.um:user:chaotic_puf_4lines_64stages:1.0) from (Rev. 9) to (Rev. 10)






Copyright 1986-2017 Xilinx, Inc. All Rights Reserved.
------------------------------------------------------------------------------------
| Tool Version : Vivado v.2017.4 (win64) Build 2086221 Fri Dec 15 20:55:39 MST 2017
| Date         : Thu Oct 26 17:55:01 2023
| Host         : DESKTOP-LFC1P5E running 64-bit major release  (build 9200)
| Command      : upgrade_ip
| Device       : xc7z020clg400-2
------------------------------------------------------------------------------------

Upgrade Log for IP 'design_1_chaotic_puf_4lines_64stages_0_8'

1. Summary
----------

SUCCESS in the upgrade of design_1_chaotic_puf_4lines_64stages_0_8 (amsv.um:user:chaotic_puf_4lines_64stages:1.0) from (Rev. 9) to (Rev. 10)






Copyright 1986-2017 Xilinx, Inc. All Rights Reserved.
------------------------------------------------------------------------------------
| Tool Version : Vivado v.2017.4 (win64) Build 2086221 Fri Dec 15 20:55:39 MST 2017
| Date         : Thu Oct 26 17:55:01 2023
| Host         : DESKTOP-LFC1P5E running 64-bit major release  (build 9200)
| Command      : upgrade_ip
| Device       : xc7z020clg400-2
------------------------------------------------------------------------------------

Upgrade Log for IP 'design_1_chaotic_puf_4lines_64stages_0_7'

1. Summary
----------

SUCCESS in the upgrade of design_1_chaotic_puf_4lines_64stages_0_7 (amsv.um:user:chaotic_puf_4lines_64stages:1.0) from (Rev. 9) to (Rev. 10)






Copyright 1986-2017 Xilinx, Inc. All Rights Reserved.
------------------------------------------------------------------------------------
| Tool Version : Vivado v.2017.4 (win64) Build 2086221 Fri Dec 15 20:55:39 MST 2017
| Date         : Thu Oct 26 17:55:01 2023
| Host         : DESKTOP-LFC1P5E running 64-bit major release  (build 9200)
| Command      : upgrade_ip
| Device       : xc7z020clg400-2
------------------------------------------------------------------------------------

Upgrade Log for IP 'design_1_chaotic_puf_4lines_64stages_0_6'

1. Summary
----------

SUCCESS in the upgrade of design_1_chaotic_puf_4lines_64stages_0_6 (amsv.um:user:chaotic_puf_4lines_64stages:1.0) from (Rev. 9) to (Rev. 10)






Copyright 1986-2017 Xilinx, Inc. All Rights Reserved.
------------------------------------------------------------------------------------
| Tool Version : Vivado v.2017.4 (win64) Build 2086221 Fri Dec 15 20:55:39 MST 2017
| Date         : Thu Oct 26 17:55:01 2023
| Host         : DESKTOP-LFC1P5E running 64-bit major release  (build 9200)
| Command      : upgrade_ip
| Device       : xc7z020clg400-2
------------------------------------------------------------------------------------

Upgrade Log for IP 'design_1_chaotic_puf_4lines_64stages_0_5'

1. Summary
----------

SUCCESS in the upgrade of design_1_chaotic_puf_4lines_64stages_0_5 (amsv.um:user:chaotic_puf_4lines_64stages:1.0) from (Rev. 9) to (Rev. 10)






Copyright 1986-2017 Xilinx, Inc. All Rights Reserved.
------------------------------------------------------------------------------------
| Tool Version : Vivado v.2017.4 (win64) Build 2086221 Fri Dec 15 20:55:39 MST 2017
| Date         : Thu Oct 26 17:55:01 2023
| Host         : DESKTOP-LFC1P5E running 64-bit major release  (build 9200)
| Command      : upgrade_ip
| Device       : xc7z020clg400-2
------------------------------------------------------------------------------------

Upgrade Log for IP 'design_1_chaotic_puf_4lines_64stages_0_10'

1. Summary
----------

SUCCESS in the upgrade of design_1_chaotic_puf_4lines_64stages_0_10 (amsv.um:user:chaotic_puf_4lines_64stages:1.0) from (Rev. 9) to (Rev. 10)






Copyright 1986-2017 Xilinx, Inc. All Rights Reserved.
------------------------------------------------------------------------------------
| Tool Version : Vivado v.2017.4 (win64) Build 2086221 Fri Dec 15 20:55:39 MST 2017
| Date         : Thu Oct 26 02:38:05 2023
| Host         : DESKTOP-R70045C running 64-bit major release  (build 9200)
| Command      : upgrade_ip
| Device       : xc7z020clg400-2
------------------------------------------------------------------------------------

Upgrade Log for IP 'design_1_chaotic_puf_4lines_64stages_0_9'

1. Summary
----------

SUCCESS in the upgrade of design_1_chaotic_puf_4lines_64stages_0_9 (amsv.um:user:chaotic_puf_4lines_64stages:1.0) from (Rev. 8) to (Rev. 9)






Copyright 1986-2017 Xilinx, Inc. All Rights Reserved.
------------------------------------------------------------------------------------
| Tool Version : Vivado v.2017.4 (win64) Build 2086221 Fri Dec 15 20:55:39 MST 2017
| Date         : Thu Oct 26 02:38:05 2023
| Host         : DESKTOP-R70045C running 64-bit major release  (build 9200)
| Command      : upgrade_ip
| Device       : xc7z020clg400-2
------------------------------------------------------------------------------------

Upgrade Log for IP 'design_1_chaotic_puf_4lines_64stages_0_8'

1. Summary
----------

SUCCESS in the upgrade of design_1_chaotic_puf_4lines_64stages_0_8 (amsv.um:user:chaotic_puf_4lines_64stages:1.0) from (Rev. 8) to (Rev. 9)






Copyright 1986-2017 Xilinx, Inc. All Rights Reserved.
------------------------------------------------------------------------------------
| Tool Version : Vivado v.2017.4 (win64) Build 2086221 Fri Dec 15 20:55:39 MST 2017
| Date         : Thu Oct 26 02:38:05 2023
| Host         : DESKTOP-R70045C running 64-bit major release  (build 9200)
| Command      : upgrade_ip
| Device       : xc7z020clg400-2
------------------------------------------------------------------------------------

Upgrade Log for IP 'design_1_chaotic_puf_4lines_64stages_0_7'

1. Summary
----------

SUCCESS in the upgrade of design_1_chaotic_puf_4lines_64stages_0_7 (amsv.um:user:chaotic_puf_4lines_64stages:1.0) from (Rev. 8) to (Rev. 9)






Copyright 1986-2017 Xilinx, Inc. All Rights Reserved.
------------------------------------------------------------------------------------
| Tool Version : Vivado v.2017.4 (win64) Build 2086221 Fri Dec 15 20:55:39 MST 2017
| Date         : Thu Oct 26 02:38:05 2023
| Host         : DESKTOP-R70045C running 64-bit major release  (build 9200)
| Command      : upgrade_ip
| Device       : xc7z020clg400-2
------------------------------------------------------------------------------------

Upgrade Log for IP 'design_1_chaotic_puf_4lines_64stages_0_6'

1. Summary
----------

SUCCESS in the upgrade of design_1_chaotic_puf_4lines_64stages_0_6 (amsv.um:user:chaotic_puf_4lines_64stages:1.0) from (Rev. 8) to (Rev. 9)






Copyright 1986-2017 Xilinx, Inc. All Rights Reserved.
------------------------------------------------------------------------------------
| Tool Version : Vivado v.2017.4 (win64) Build 2086221 Fri Dec 15 20:55:39 MST 2017
| Date         : Thu Oct 26 02:38:05 2023
| Host         : DESKTOP-R70045C running 64-bit major release  (build 9200)
| Command      : upgrade_ip
| Device       : xc7z020clg400-2
------------------------------------------------------------------------------------

Upgrade Log for IP 'design_1_chaotic_puf_4lines_64stages_0_5'

1. Summary
----------

SUCCESS in the upgrade of design_1_chaotic_puf_4lines_64stages_0_5 (amsv.um:user:chaotic_puf_4lines_64stages:1.0) from (Rev. 8) to (Rev. 9)






Copyright 1986-2017 Xilinx, Inc. All Rights Reserved.
------------------------------------------------------------------------------------
| Tool Version : Vivado v.2017.4 (win64) Build 2086221 Fri Dec 15 20:55:39 MST 2017
| Date         : Thu Oct 26 02:38:05 2023
| Host         : DESKTOP-R70045C running 64-bit major release  (build 9200)
| Command      : upgrade_ip
| Device       : xc7z020clg400-2
------------------------------------------------------------------------------------

Upgrade Log for IP 'design_1_chaotic_puf_4lines_64stages_0_10'

1. Summary
----------

SUCCESS in the upgrade of design_1_chaotic_puf_4lines_64stages_0_10 (amsv.um:user:chaotic_puf_4lines_64stages:1.0) from (Rev. 8) to (Rev. 9)






Copyright 1986-2017 Xilinx, Inc. All Rights Reserved.
------------------------------------------------------------------------------------
| Tool Version : Vivado v.2017.4 (win64) Build 2086221 Fri Dec 15 20:55:39 MST 2017
| Date         : Wed Oct 25 23:01:38 2023
| Host         : DESKTOP-R70045C running 64-bit major release  (build 9200)
| Command      : upgrade_ip
| Device       : xc7z020clg400-2
------------------------------------------------------------------------------------

Upgrade Log for IP 'design_1_chaotic_puf_4lines_64stages_0_9'

1. Summary
----------

SUCCESS in the upgrade of design_1_chaotic_puf_4lines_64stages_0_9 (amsv.um:user:chaotic_puf_4lines_64stages:1.0) from (Rev. 7) to (Rev. 8)






Copyright 1986-2017 Xilinx, Inc. All Rights Reserved.
------------------------------------------------------------------------------------
| Tool Version : Vivado v.2017.4 (win64) Build 2086221 Fri Dec 15 20:55:39 MST 2017
| Date         : Wed Oct 25 23:01:38 2023
| Host         : DESKTOP-R70045C running 64-bit major release  (build 9200)
| Command      : upgrade_ip
| Device       : xc7z020clg400-2
------------------------------------------------------------------------------------

Upgrade Log for IP 'design_1_chaotic_puf_4lines_64stages_0_8'

1. Summary
----------

SUCCESS in the upgrade of design_1_chaotic_puf_4lines_64stages_0_8 (amsv.um:user:chaotic_puf_4lines_64stages:1.0) from (Rev. 7) to (Rev. 8)






Copyright 1986-2017 Xilinx, Inc. All Rights Reserved.
------------------------------------------------------------------------------------
| Tool Version : Vivado v.2017.4 (win64) Build 2086221 Fri Dec 15 20:55:39 MST 2017
| Date         : Wed Oct 25 23:01:38 2023
| Host         : DESKTOP-R70045C running 64-bit major release  (build 9200)
| Command      : upgrade_ip
| Device       : xc7z020clg400-2
------------------------------------------------------------------------------------

Upgrade Log for IP 'design_1_chaotic_puf_4lines_64stages_0_7'

1. Summary
----------

SUCCESS in the upgrade of design_1_chaotic_puf_4lines_64stages_0_7 (amsv.um:user:chaotic_puf_4lines_64stages:1.0) from (Rev. 7) to (Rev. 8)






Copyright 1986-2017 Xilinx, Inc. All Rights Reserved.
------------------------------------------------------------------------------------
| Tool Version : Vivado v.2017.4 (win64) Build 2086221 Fri Dec 15 20:55:39 MST 2017
| Date         : Wed Oct 25 23:01:38 2023
| Host         : DESKTOP-R70045C running 64-bit major release  (build 9200)
| Command      : upgrade_ip
| Device       : xc7z020clg400-2
------------------------------------------------------------------------------------

Upgrade Log for IP 'design_1_chaotic_puf_4lines_64stages_0_6'

1. Summary
----------

SUCCESS in the upgrade of design_1_chaotic_puf_4lines_64stages_0_6 (amsv.um:user:chaotic_puf_4lines_64stages:1.0) from (Rev. 7) to (Rev. 8)






Copyright 1986-2017 Xilinx, Inc. All Rights Reserved.
------------------------------------------------------------------------------------
| Tool Version : Vivado v.2017.4 (win64) Build 2086221 Fri Dec 15 20:55:39 MST 2017
| Date         : Wed Oct 25 23:01:38 2023
| Host         : DESKTOP-R70045C running 64-bit major release  (build 9200)
| Command      : upgrade_ip
| Device       : xc7z020clg400-2
------------------------------------------------------------------------------------

Upgrade Log for IP 'design_1_chaotic_puf_4lines_64stages_0_5'

1. Summary
----------

SUCCESS in the upgrade of design_1_chaotic_puf_4lines_64stages_0_5 (amsv.um:user:chaotic_puf_4lines_64stages:1.0) from (Rev. 7) to (Rev. 8)






Copyright 1986-2017 Xilinx, Inc. All Rights Reserved.
------------------------------------------------------------------------------------
| Tool Version : Vivado v.2017.4 (win64) Build 2086221 Fri Dec 15 20:55:39 MST 2017
| Date         : Wed Oct 25 23:01:38 2023
| Host         : DESKTOP-R70045C running 64-bit major release  (build 9200)
| Command      : upgrade_ip
| Device       : xc7z020clg400-2
------------------------------------------------------------------------------------

Upgrade Log for IP 'design_1_chaotic_puf_4lines_64stages_0_10'

1. Summary
----------

SUCCESS in the upgrade of design_1_chaotic_puf_4lines_64stages_0_10 (amsv.um:user:chaotic_puf_4lines_64stages:1.0) from (Rev. 7) to (Rev. 8)

