#-----------------------------------------------------------
# Vivado v2017.4 (64-bit)
# SW Build 2086221 on Fri Dec 15 20:55:39 MST 2017
# IP Build 2085800 on Fri Dec 15 22:25:07 MST 2017
# Start of session at: Thu Apr 25 01:59:54 2024
# Process ID: 14596
# Current directory: D:/FPGA_project/SOI_PUF/SOI_PUF_k2468/SOI_PUF_v1
# Command line: vivado.exe -gui_launcher_event rodinguilauncherevent36776 D:\FPGA_project\SOI_PUF\SOI_PUF_k2468\SOI_PUF_v1\SOI_PUF_v1.xpr
# Log file: D:/FPGA_project/SOI_PUF/SOI_PUF_k2468/SOI_PUF_v1/vivado.log
# Journal file: D:/FPGA_project/SOI_PUF/SOI_PUF_k2468/SOI_PUF_v1\vivado.jou
#-----------------------------------------------------------
start_gui
open_project D:/FPGA_project/SOI_PUF/SOI_PUF_k2468/SOI_PUF_v1/SOI_PUF_v1.xpr
INFO: [Project 1-313] Project file moved from 'D:/FPGA_project/SOI_PUF_k2468/SOI_PUF_v1' since last save.
Scanning sources...
Finished scanning sources
WARNING: [filemgmt 56-2] IP Repository Path: Could not find the directory 'D:/FPGA_project/SOI_PUF/SOI_PUF_k2468/ip_repo/puf_wrapper_1.0', nor could it be found using path 'D:/FPGA_project/SOI_PUF_k2468/ip_repo/puf_wrapper_1.0'.
INFO: [IP_Flow 19-234] Refreshing IP repositories
INFO: [IP_Flow 19-1700] Loaded user IP repository 'd:/FPGA_project/SOI_PUF/SOI_PUF_k2468/ip_repo/chaotic_puf_8lines_64stages_1.0'.
WARNING: [IP_Flow 19-2248] Failed to load user IP repository 'd:/FPGA_project/SOI_PUF/SOI_PUF_k2468/ip_repo/puf_wrapper_1.0'; Can't find the specified path.
If this directory should no longer be in your list of user repositories, go to the IP Settings dialog and remove it.
INFO: [IP_Flow 19-1700] Loaded user IP repository 'd:/FPGA_project/SOI_PUF/SOI_PUF_k2468/SOI_PUF_v1/ip_repo'.
INFO: [IP_Flow 19-2313] Loaded Vivado IP repository 'C:/Xilinx/Vivado/2017.4/data/ip'.
open_project: Time (s): cpu = 00:00:35 ; elapsed = 00:00:25 . Memory (MB): peak = 805.750 ; gain = 131.352
update_compile_order -fileset sources_1
WARNING: [IP_Flow 19-4318] IP-XACT file does not exist: d:/FPGA_project/SOI_PUF/SOI_PUF_k2468/SOI_PUF_v1/ip_repo/chaotic_puf_4lines_64stages_1.0/component.xml. It will be created.
WARNING: [IP_Flow 19-4318] IP-XACT file does not exist: d:/FPGA_project/SOI_PUF/SOI_PUF_k2468/ip_repo/chaotic_puf_8lines_64stages_1.0/component.xml. It will be created.
INFO: [Vivado 12-4158] Exported Hardware file is out of date. Exported hardware information may be inconsistent with respect to the current state of the design. It is recommended that you re-export the design and launch SDK otherwise SDK is launched with out of date hardware system file.
launch_sdk -workspace D:/FPGA_project/SOI_PUF/SOI_PUF_k2468/SOI_PUF_v1/SOI_PUF_v1.sdk -hwspec D:/FPGA_project/SOI_PUF/SOI_PUF_k2468/SOI_PUF_v1/SOI_PUF_v1.sdk/design_1_wrapper.hdf
INFO: [Vivado 12-393] Launching SDK...
INFO: [Vivado 12-417] Running xsdk -workspace D:/FPGA_project/SOI_PUF/SOI_PUF_k2468/SOI_PUF_v1/SOI_PUF_v1.sdk -hwspec D:/FPGA_project/SOI_PUF/SOI_PUF_k2468/SOI_PUF_v1/SOI_PUF_v1.sdk/design_1_wrapper.hdf
INFO: [Vivado 12-3157] SDK launch initiated. Please check console for any further messages.
exit
INFO: [Common 17-206] Exiting Vivado at Thu Apr 25 12:19:03 2024...
